## Buffer Overflow & Control Flow Hijacking

**Integers are not integers** 

> from Introduction to Computer System: Programmer Perspective

Revisiting Data Types
```
int -> 2-4 bytes
float -> 4 bytes
double -> 8 bytes
char -> 1 byte
```
lol.c
```
#include <stdio.h>

int main()
{
        printf("40000*40000 = %d\n",40000*40000);
        printf("50000*50000 = %d\n",50000*50000);
}
```
Result	
```
luna@luna-LOL:~/Desktop/pwn$ ./lol
40000*40000 = 1600000000
50000*50000 = -1794967296 ( Not Integer )
```

The size of `int` is usually 4 bytes (32 bits). And, it can take `232` distinct states from `-2147483648` to `2147483647`.

Integer Overflow

**Think out of Box** 

> from Shell Coder Handbook

[ [Image](https://www.programiz.com/c-programming/c-arrays) ]

![enter image description here](https://cdn.programiz.com/sites/tutorial2program/files/c-arrays.jpg)

This is nice example from Shell coder handbook, We should think out of box. 
tob.c
```
#include <stdio.h>

int main()
{
        int d[5]={1,2,3,4,5};
        int i;
        for(i=0;i<5;i++)
        {
                printf("Normal Array : d[%d] = %d\n",i,d[i]);
        }
        printf("I'm Out of Box : d[6] = %x\n",d[5]);
}
```
Result
```
luna@luna-LOL:~/Desktop/pwn$ ./tob
Normal Array : d[0] = 1
Normal Array : d[1] = 2
Normal Array : d[2] = 3
Normal Array : d[3] = 4
Normal Array : d[4] = 5
I'm Out of Box : d[6] = 8423ec00
```
It's called garbage value and debug with gdb

*Note * Interpretered Languages have Garbage Collection and this is not un-exploitable.*

[ [How Garbage Collection work?](https://craftinginterpreters.com/garbage-collection.html) ]

If you are interesting interpretered exploitation, you can read following list 

( I don't have enough skill for now )

- Emanuel Law : "[PHP Internals - Exploit-dev Edition](https://www.youtube.com/watch?v=I29FEZn1pw4)"
- Stefan Esser : [PHP Code Reuse/ROP Techique 2010](https://owasp.org/www-pdf-archive/Utilizing-Code-Reuse-Or-Return-Oriented-Programming-In-PHP-Application-Exploits.pdf)
- [Breaking PHP Garbage Collection and Unserialize](https://www.evonide.com/breaking-phps-garbage-collection-and-unserialize/)
- 2016 Pwnhub 20K RCE - [Breaking PHP](https://www.evonide.com/how-we-broke-php-hacked-pornhub-and-earned-20000-dollar/)

**C Buffer and Control Flow Analysis**
buff.c
```
luna@luna-LOL:~/Desktop/pwn$ cat buff.c
#include <stdio.h>

void return_input(void)
{
        char array[30];
        gets(array);
        printf("%s\n",array);
}

int main()
{
        return_input();
        return 0;
}
```
Compilation [ [Ref](https://stackoverflow.com/questions/10251203/gcc-mpreferred-stack-boundary-option) ]
```
gcc -fno-stack-protector -mpreferred-stack-boundary=2 -z execstack -o buff buff.c
```
Test Running
```
luna@luna-LOL:~/Desktop/pwn$ ./buff
AAAA
AAAA
```
Debugging with GDB
```
gdb ./buff
set disassembly-flavor intel
```
Disassembly of main and return_input
```
(gdb) disas main
Dump of assembler code for function main:
=> 0x0804845c <+0>:     push   ebp
   0x0804845d <+1>:     mov    ebp,esp
   0x0804845f <+3>:     call   0x804843b <return_input>
   0x08048464 <+8>:     mov    eax,0x0
   0x08048469 <+13>:    pop    ebp
   0x0804846a <+14>:    ret
End of assembler dump.
(gdb) disas return_input
Dump of assembler code for function return_input:
   0x0804843b <+0>:     push   ebp
   0x0804843c <+1>:     mov    ebp,esp
   0x0804843e <+3>:     sub    esp,0x20
   0x08048441 <+6>:     lea    eax,[ebp-0x1e]
   0x08048444 <+9>:     push   eax
   0x08048445 <+10>:    call   0x8048300 <gets@plt>
   0x0804844a <+15>:    add    esp,0x4
   0x0804844d <+18>:    lea    eax,[ebp-0x1e]
   0x08048450 <+21>:    push   eax
   0x08048451 <+22>:    call   0x8048310 <puts@plt>
   0x08048456 <+27>:    add    esp,0x4
   0x08048459 <+30>:    nop
   0x0804845a <+31>:    leave
   0x0804845b <+32>:    ret
End of assembler dump.
```
Set breakpoint at main and examine stack
```
(gdb) break *main
(gdb) run
Starting program: /home/luna/Desktop/pwn/buff

Breakpoint 3, 0x0804845c in main ()

(gdb) i r
eax            0xb7fbcdbc       -1208234564
ecx            0x571e2c36       1461595190
edx            0xbffff564       -1073744540
ebx            0x0      0
esp            0xbffff53c       0xbffff53c
ebp            0x0      0x0
esi            0xb7fbb000       -1208242176
edi            0xb7fbb000       -1208242176
eip            0x804845c        0x804845c <main>
eflags         0x292    [ AF SF IF ]
cs             0x73     115
ss             0x7b     123
ds             0x7b     123
es             0x7b     123
fs             0x0      0
gs             0x33     51

# esp = 0xbffff53c and ebp = 0x0

(gdb) x/32x 0xbffff53c
0xbffff53c:     0xb7e21637      0x00000001      0xbffff5d4      0xbffff5dc
0xbffff54c:     0x00000000      0x00000000      0x00000000      0xb7fbb000
0xbffff55c:     0xb7fffc04      0xb7fff000      0x00000000      0xb7fbb000
0xbffff56c:     0xb7fbb000      0x00000000      0x6cdf4226      0x571e2c36
0xbffff57c:     0x00000000      0x00000000      0x00000000      0x00000001
0xbffff58c:     0x08048340      0x00000000      0xb7ff0010      0xb7fea880
0xbffff59c:     0xb7fff000      0x00000001      0x08048340      0x00000000
0xbffff5ac:     0x08048361      0x0804845c      0x00000001      0xbffff5d4
```
push ebp
```
(gdb) x/32x 0xbffff538
0xbffff538:     0x00000000      0xb7e21637      0x00000001      0xbffff5d4
0xbffff548:     0xbffff5dc      0x00000000      0x00000000      0x00000000
0xbffff558:     0xb7fbb000      0xb7fffc04      0xb7fff000      0x00000000
0xbffff568:     0xb7fbb000      0xb7fbb000      0x00000000      0x6cdf4226
0xbffff578:     0x571e2c36      0x00000000      0x00000000      0x00000000
0xbffff588:     0x00000001      0x08048340      0x00000000      0xb7ff0010
0xbffff598:     0xb7fea880      0xb7fff000      0x00000001      0x08048340
0xbffff5a8:     0x00000000      0x08048361      0x0804845c      0x00000001
```
mov ebp,esp
```
(gdb) i r
eax            0xb7fbcdbc       -1208234564
ecx            0x571e2c36       1461595190
edx            0xbffff564       -1073744540
ebx            0x0      0
esp            0xbffff538       0xbffff538
ebp            0xbffff538       0xbffff538
esi            0xb7fbb000       -1208242176
edi            0xb7fbb000       -1208242176
eip            0x804845f        0x804845f <main+3>
eflags         0x292    [ AF SF IF ]
cs             0x73     115
ss             0x7b     123
ds             0x7b     123
es             0x7b     123
fs             0x0      0
gs             0x33     51
```
break *return_input
```
(gdb) break *return_input
(gdb) ni
(gdb) i r
eax            0xb7fbcdbc       -1208234564
ecx            0x449ae6e        71937646
edx            0xbffff564       -1073744540
ebx            0x0      0
esp            0xbffff534       0xbffff534
ebp            0xbffff538       0xbffff538
esi            0xb7fbb000       -1208242176
edi            0xb7fbb000       -1208242176
eip            0x804843b        0x804843b <return_input>
eflags         0x292    [ AF SF IF ]
cs             0x73     115
ss             0x7b     123
ds             0x7b     123
es             0x7b     123
fs             0x0      0
gs             0x33     51
```
We already called return_input and how Return address saved on the stack

```
(gdb) x/32x 0xbffff534
0xbffff534:     0x08048464      0x00000000      0xb7e21637      0x00000001
0xbffff544:     0xbffff5d4      0xbffff5dc      0x00000000      0x00000000
0xbffff554:     0x00000000      0xb7fbb000      0xb7fffc04      0xb7fff000
0xbffff564:     0x00000000      0xb7fbb000      0xb7fbb000      0x00000000
0xbffff574:     0x3f88c07e      0x0449ae6e      0x00000000      0x00000000
0xbffff584:     0x00000000      0x00000001      0x08048340      0x00000000
0xbffff594:     0xb7ff0010      0xb7fea880      0xb7fff000      0x00000001
0xbffff5a4:     0x08048340      0x00000000      0x08048361      0x0804845c
```
push ebp - return_input
```
(gdb) ni
0x0804843c in return_input ()
(gdb) i r
eax            0xb7fbcdbc       -1208234564
ecx            0x449ae6e        71937646
edx            0xbffff564       -1073744540
ebx            0x0      0
esp            0xbffff530       0xbffff530
ebp            0xbffff538       0xbffff538
esi            0xb7fbb000       -1208242176
edi            0xb7fbb000       -1208242176
eip            0x804843c        0x804843c <return_input+1>
eflags         0x292    [ AF SF IF ]
cs             0x73     115
ss             0x7b     123
ds             0x7b     123
es             0x7b     123
fs             0x0      0
gs             0x33     51
(gdb) x/32x 0xbffff530
0xbffff530:     0xbffff538      0x08048464      0x00000000      0xb7e21637
0xbffff540:     0x00000001      0xbffff5d4      0xbffff5dc      0x00000000
0xbffff550:     0x00000000      0x00000000      0xb7fbb000      0xb7fffc04
0xbffff560:     0xb7fff000      0x00000000      0xb7fbb000      0xb7fbb000
0xbffff570:     0x00000000      0x3f88c07e      0x0449ae6e      0x00000000
0xbffff580:     0x00000000      0x00000000      0x00000001      0x08048340
0xbffff590:     0x00000000      0xb7ff0010      0xb7fea880      0xb7fff000
0xbffff5a0:     0x00000001      0x08048340      0x00000000      0x08048361
```
mov ebp,esp
```
(gdb) ni
0x0804843e in return_input ()
(gdb) i r
eax            0xb7fbcdbc       -1208234564
ecx            0x449ae6e        71937646
edx            0xbffff564       -1073744540
ebx            0x0      0
esp            0xbffff530       0xbffff530
ebp            0xbffff530       0xbffff530
esi            0xb7fbb000       -1208242176
edi            0xb7fbb000       -1208242176
eip            0x804843e        0x804843e <return_input+3>
eflags         0x292    [ AF SF IF ]
cs             0x73     115
ss             0x7b     123
ds             0x7b     123
es             0x7b     123
fs             0x0      0
gs             0x33     51
```
sub esp,0x20
```
(gdb) ni
0x08048441 in return_input ()
(gdb) i r
eax            0xb7fbcdbc       -1208234564
ecx            0x449ae6e        71937646
edx            0xbffff564       -1073744540
ebx            0x0      0
esp            0xbffff510       0xbffff510
ebp            0xbffff530       0xbffff530
esi            0xb7fbb000       -1208242176
edi            0xb7fbb000       -1208242176
eip            0x8048441        0x8048441 <return_input+6>
eflags         0x282    [ SF IF ]
cs             0x73     115
ss             0x7b     123
ds             0x7b     123
es             0x7b     123
fs             0x0      0
gs             0x33     51
(gdb) x/32x 0xbffff510
0xbffff510:     0x00000001      0xbffff5d4      0xbffff5dc      0x08048491
0xbffff520:     0xb7fbb3dc      0x0804820c      0x08048479      0x00000000
0xbffff530:     0xbffff538      0x08048464      0x00000000      0xb7e21637
0xbffff540:     0x00000001      0xbffff5d4      0xbffff5dc      0x00000000
0xbffff550:     0x00000000      0x00000000      0xb7fbb000      0xb7fffc04
0xbffff560:     0xb7fff000      0x00000000      0xb7fbb000      0xb7fbb000
0xbffff570:     0x00000000      0x3f88c07e      0x0449ae6e      0x00000000
0xbffff580:     0x00000000      0x00000000      0x00000001      0x08048340
```

lea eax,[ebp-0x1e]
```
(gdb) i r
eax            0xb7fbcdbc       -1208234564
ecx            0x449ae6e        71937646
edx            0xbffff564       -1073744540
ebx            0x0      0
esp            0xbffff510       0xbffff510
ebp            0xbffff530       0xbffff530
esi            0xb7fbb000       -1208242176
edi            0xb7fbb000       -1208242176
eip            0x8048441        0x8048441 <return_input+6>
eflags         0x282    [ SF IF ]
cs             0x73     115
ss             0x7b     123
ds             0x7b     123
es             0x7b     123
fs             0x0      0
gs             0x33     51
(gdb) ni
0x08048444 in return_input ()
(gdb) i r
eax            0xbffff512       -1073744622
ecx            0x449ae6e        71937646
edx            0xbffff564       -1073744540
ebx            0x0      0
esp            0xbffff510       0xbffff510
ebp            0xbffff530       0xbffff530
esi            0xb7fbb000       -1208242176
edi            0xb7fbb000       -1208242176
eip            0x8048444        0x8048444 <return_input+9>
eflags         0x282    [ SF IF ]
cs             0x73     115
ss             0x7b     123
ds             0x7b     123
es             0x7b     123
fs             0x0      0
gs             0x33     51
```
push eax
```
(gdb) ni
0x08048445 in return_input ()
(gdb) i r
eax            0xbffff512       -1073744622
ecx            0x449ae6e        71937646
edx            0xbffff564       -1073744540
ebx            0x0      0
esp            0xbffff50c       0xbffff50c
ebp            0xbffff530       0xbffff530
esi            0xb7fbb000       -1208242176
edi            0xb7fbb000       -1208242176
eip            0x8048445        0x8048445 <return_input+10>
eflags         0x282    [ SF IF ]
cs             0x73     115
ss             0x7b     123
ds             0x7b     123
es             0x7b     123
fs             0x0      0
gs             0x33     51
(gdb) x/32x 0xbffff50c
0xbffff50c:     0xbffff512      0x00000001      0xbffff5d4      0xbffff5dc
0xbffff51c:     0x08048491      0xb7fbb3dc      0x0804820c      0x08048479
0xbffff52c:     0x00000000      0xbffff538      0x08048464      0x00000000
0xbffff53c:     0xb7e21637      0x00000001      0xbffff5d4      0xbffff5dc
0xbffff54c:     0x00000000      0x00000000      0x00000000      0xb7fbb000
0xbffff55c:     0xb7fffc04      0xb7fff000      0x00000000      0xb7fbb000
0xbffff56c:     0xb7fbb000      0x00000000      0x3f88c07e      0x0449ae6e
0xbffff57c:     0x00000000      0x00000000      0x00000000      0x00000001
```
call gets()
```
(gdb) ni
AAAABBBB
0x0804844a in return_input ()
(gdb) x/32x 0xbffff50c
0xbffff50c:     0xbffff512      0x41410001      0x42424141      0xbf004242
0xbffff51c:     0x08048491      0xb7fbb3dc      0x0804820c      0x08048479
0xbffff52c:     0x00000000      0xbffff538      0x08048464      0x00000000
0xbffff53c:     0xb7e21637      0x00000001      0xbffff5d4      0xbffff5dc
0xbffff54c:     0x00000000      0x00000000      0x00000000      0xb7fbb000
0xbffff55c:     0xb7fffc04      0xb7fff000      0x00000000      0xb7fbb000
0xbffff56c:     0xb7fbb000      0x00000000      0x0566f67f      0x3ea7986f
0xbffff57c:     0x00000000      0x00000000      0x00000000      0x00000001
```
add exp,0x4
```
(gdb) x/32x 0xbffff510
0xbffff510:     0x41410001      0x42424141      0xbf004242      0x08048491
0xbffff520:     0xb7fbb3dc      0x0804820c      0x08048479      0x00000000
0xbffff530:     0xbffff538      0x08048464      0x00000000      0xb7e21637
0xbffff540:     0x00000001      0xbffff5d4      0xbffff5dc      0x00000000
0xbffff550:     0x00000000      0x00000000      0xb7fbb000      0xb7fffc04
0xbffff560:     0xb7fff000      0x00000000      0xb7fbb000      0xb7fbb000
0xbffff570:     0x00000000      0x0566f67f      0x3ea7986f      0x00000000
0xbffff580:     0x00000000      0x00000000      0x00000001      0x08048340
```
lea eax,[ebp-0x1e]
push eax
```
(gdb) x/32x 0xbffff50c
0xbffff50c:     0xbffff512      0x41410001      0x42424141      0xbf004242
0xbffff51c:     0x08048491      0xb7fbb3dc      0x0804820c      0x08048479
0xbffff52c:     0x00000000      0xbffff538      0x08048464      0x00000000
0xbffff53c:     0xb7e21637      0x00000001      0xbffff5d4      0xbffff5dc
0xbffff54c:     0x00000000      0x00000000      0x00000000      0xb7fbb000
0xbffff55c:     0xb7fffc04      0xb7fff000      0x00000000      0xb7fbb000
0xbffff56c:     0xb7fbb000      0x00000000      0x0566f67f      0x3ea7986f
0xbffff57c:     0x00000000      0x00000000      0x00000000      0x00000001
```
call puts() 
add eax,0x4
```
(gdb) x/32x 0xbffff510
0xbffff510:     0x41410001      0x42424141      0xbf004242      0x08048491
0xbffff520:     0xb7fbb3dc      0x0804820c      0x08048479      0x00000000
0xbffff530:     0xbffff538      0x08048464      0x00000000      0xb7e21637
0xbffff540:     0x00000001      0xbffff5d4      0xbffff5dc      0x00000000
0xbffff550:     0x00000000      0x00000000      0xb7fbb000      0xb7fffc04
0xbffff560:     0xb7fff000      0x00000000      0xb7fbb000      0xb7fbb000
0xbffff570:     0x00000000      0x0566f67f      0x3ea7986f      0x00000000
0xbffff580:     0x00000000      0x00000000      0x00000001      0x08048340

```
leave -> mov esp,ebp & pop ebp
```
(gdb) ni
0x0804845b in return_input ()
(gdb) i r
eax            0x9      9
ecx            0xffffffff       -1
edx            0xb7fbc870       -1208235920
ebx            0x0      0
esp            0xbffff534       0xbffff534
ebp            0xbffff538       0xbffff538
esi            0xb7fbb000       -1208242176
edi            0xb7fbb000       -1208242176
eip            0x804845b        0x804845b <return_input+32>
eflags         0x292    [ AF SF IF ]
cs             0x73     115
ss             0x7b     123
ds             0x7b     123
es             0x7b     123
fs             0x0      0
gs             0x33     51
(gdb) x/32x 0xbffff534
0xbffff534:     0x08048464      0x00000000      0xb7e21637      0x00000001
0xbffff544:     0xbffff5d4      0xbffff5dc      0x00000000      0x00000000
0xbffff554:     0x00000000      0xb7fbb000      0xb7fffc04      0xb7fff000
0xbffff564:     0x00000000      0xb7fbb000      0xb7fbb000      0x00000000
0xbffff574:     0x0566f67f      0x3ea7986f      0x00000000      0x00000000
0xbffff584:     0x00000000      0x00000001      0x08048340      0x00000000
0xbffff594:     0xb7ff0010      0xb7fea880      0xb7fff000      0x00000001
0xbffff5a4:     0x08048340      0x00000000      0x08048361      0x0804845c
```
ret -> Go back to main

**Overflow**  
Offset Calculating from Disassembly
```
lea eax,ebp-0x1e
(gdb) print 0x1e
$2 = 30
```
30 is our buffer size 
```
luna@luna-LOL:~$ python -c 'print "A"*30'
AAAAAAAAAAAAAAAAAAAAAAAAAAAAAA

# Stack
(gdb) x/32x 0xbffff50c
0xbffff50c:     0xbffff512      0x41410001      0x41414141      0x41414141
0xbffff51c:     0x41414141      0x41414141      0x41414141      0x41414141
0xbffff52c:     0x41414141      0xbffff500      0x08048464      0x00000000
0xbffff53c:     0xb7e21637      0x00000001      0xbffff5d4      0xbffff5dc
0xbffff54c:     0x00000000      0x00000000      0x00000000      0xb7fbb000
0xbffff55c:     0xb7fffc04      0xb7fff000      0x00000000      0xb7fbb000
0xbffff56c:     0xb7fbb000      0x00000000      0x7e61aa90      0x45a0c480
0xbffff57c:     0x00000000      0x00000000      0x00000000      0x00000001

```

**Control Flow Hijacking**

Now we can control ebp and eip
```
luna@luna-LOL:~$ python -c 'print "A"*30+"BBBB"+"CCCC"'
AAAAAAAAAAAAAAAAAAAAAAAAAAAAAABBBBCCCC

# Controling EIP
(gdb)
AAAAAAAAAAAAAAAAAAAAAAAAAAAAAABBBBCCCC
0x0804844a in return_input ()
(gdb) i r
eax            0xbffff512       -1073744622
ecx            0xb7fbb5a0       -1208240736
edx            0xb7fbc87c       -1208235908
ebx            0x0      0
esp            0xbffff50c       0xbffff50c
ebp            0xbffff530       0xbffff530
esi            0xb7fbb000       -1208242176
edi            0xb7fbb000       -1208242176
eip            0x804844a        0x804844a <return_input+15>
eflags         0x246    [ PF ZF IF ]
cs             0x73     115
ss             0x7b     123
ds             0x7b     123
es             0x7b     123
fs             0x0      0
gs             0x33     51
(gdb) x/32x 0xbffff50c
0xbffff50c:     0xbffff512      0x41410001      0x41414141      0x41414141
0xbffff51c:     0x41414141      0x41414141      0x41414141      0x41414141
0xbffff52c:     0x41414141      0x42424242      0x43434343      0x00000000
0xbffff53c:     0xb7e21637      0x00000001      0xbffff5d4      0xbffff5dc
0xbffff54c:     0x00000000      0x00000000      0x00000000      0xb7fbb000
0xbffff55c:     0xb7fffc04      0xb7fff000      0x00000000      0xb7fbb000
0xbffff56c:     0xb7fbb000      0x00000000      0x21fe8745      0x1a3fe955
0xbffff57c:     0x00000000      0x00000000      0x00000000      0x00000001
```
Segmentation Fault
```
(gdb) c
Continuing.
AAAAAAAAAAAAAAAAAAAAAAAAAAAAAABBBBCCCC

Program received signal SIGSEGV, Segmentation fault.
0x43434343 in ?? ()
```

**Reference**
- [http://phrack.org/issues/49/14.html](http://phrack.org/issues/49/14.html)
- Shell Coder Handbook
- Hacking: The art of explotation
- And many blog posts that i read from last 2 years
